mode: set
github.com/fredericrous/duro-operator/pkg/assembler/assembler.go:20.47,22.2 1 1
github.com/fredericrous/duro-operator/pkg/assembler/assembler.go:51.115,54.27 2 1
github.com/fredericrous/duro-operator/pkg/assembler/assembler.go:54.27,56.20 2 1
github.com/fredericrous/duro-operator/pkg/assembler/assembler.go:56.20,58.4 1 1
github.com/fredericrous/duro-operator/pkg/assembler/assembler.go:60.3,68.5 1 1
github.com/fredericrous/duro-operator/pkg/assembler/assembler.go:72.2,72.51 1 1
github.com/fredericrous/duro-operator/pkg/assembler/assembler.go:72.51,75.39 3 1
github.com/fredericrous/duro-operator/pkg/assembler/assembler.go:75.39,77.4 1 1
github.com/fredericrous/duro-operator/pkg/assembler/assembler.go:78.3,78.55 1 1
github.com/fredericrous/duro-operator/pkg/assembler/assembler.go:78.55,80.4 1 1
github.com/fredericrous/duro-operator/pkg/assembler/assembler.go:81.3,81.37 1 0
github.com/fredericrous/duro-operator/pkg/assembler/assembler.go:84.2,85.16 2 1
github.com/fredericrous/duro-operator/pkg/assembler/assembler.go:85.16,87.3 1 0
github.com/fredericrous/duro-operator/pkg/assembler/assembler.go:89.2,92.8 1 1
github.com/fredericrous/duro-operator/pkg/config/config.go:39.41,51.2 1 1
github.com/fredericrous/duro-operator/pkg/config/config.go:54.43,55.35 1 1
github.com/fredericrous/duro-operator/pkg/config/config.go:55.35,57.3 1 1
github.com/fredericrous/duro-operator/pkg/config/config.go:58.2,58.38 1 1
github.com/fredericrous/duro-operator/pkg/config/config.go:58.38,60.3 1 1
github.com/fredericrous/duro-operator/pkg/config/config.go:61.2,61.27 1 1
github.com/fredericrous/duro-operator/pkg/config/config.go:61.27,63.3 1 1
github.com/fredericrous/duro-operator/pkg/config/config.go:64.2,64.12 1 1
github.com/fredericrous/duro-operator/pkg/errors/errors.go:27.40,28.20 1 1
github.com/fredericrous/duro-operator/pkg/errors/errors.go:28.20,30.3 1 1
github.com/fredericrous/duro-operator/pkg/errors/errors.go:31.2,31.18 1 1
github.com/fredericrous/duro-operator/pkg/errors/errors.go:34.40,36.2 1 1
github.com/fredericrous/duro-operator/pkg/errors/errors.go:39.83,40.22 1 1
github.com/fredericrous/duro-operator/pkg/errors/errors.go:40.22,42.3 1 1
github.com/fredericrous/duro-operator/pkg/errors/errors.go:43.2,44.10 2 1
github.com/fredericrous/duro-operator/pkg/errors/errors.go:48.68,54.2 1 1
github.com/fredericrous/duro-operator/pkg/errors/errors.go:57.68,63.2 1 1
github.com/fredericrous/duro-operator/pkg/errors/errors.go:66.65,72.2 1 1
github.com/fredericrous/duro-operator/pkg/errors/errors.go:75.34,76.43 1 1
github.com/fredericrous/duro-operator/pkg/errors/errors.go:76.43,78.3 1 1
github.com/fredericrous/duro-operator/pkg/errors/errors.go:79.2,79.13 1 1
github.com/fredericrous/duro-operator/pkg/apiserver/handler.go:25.73,26.71 1 1
github.com/fredericrous/duro-operator/pkg/apiserver/handler.go:26.71,27.33 1 1
github.com/fredericrous/duro-operator/pkg/apiserver/handler.go:27.33,30.4 2 1
github.com/fredericrous/duro-operator/pkg/apiserver/handler.go:32.3,35.51 3 1
github.com/fredericrous/duro-operator/pkg/apiserver/handler.go:35.51,39.4 3 1
github.com/fredericrous/duro-operator/pkg/apiserver/handler.go:41.3,42.38 2 1
github.com/fredericrous/duro-operator/pkg/apiserver/handler.go:42.38,51.4 1 1
github.com/fredericrous/duro-operator/pkg/apiserver/handler.go:53.3,54.57 2 1
github.com/fredericrous/duro-operator/pkg/apiserver/handler.go:54.57,56.4 1 0
github.com/fredericrous/duro-operator/api/v1alpha1/dashboardapp_types.go:80.13,82.2 1 0
github.com/fredericrous/duro-operator/controllers/dashboardapp_controller.go:40.75,41.21 1 1
github.com/fredericrous/duro-operator/controllers/dashboardapp_controller.go:41.21,43.3 1 1
github.com/fredericrous/duro-operator/controllers/dashboardapp_controller.go:45.2,59.14 3 1
github.com/fredericrous/duro-operator/controllers/dashboardapp_controller.go:69.104,81.45 7 1
github.com/fredericrous/duro-operator/controllers/dashboardapp_controller.go:81.45,83.3 1 0
github.com/fredericrous/duro-operator/controllers/dashboardapp_controller.go:85.2,85.29 1 1
github.com/fredericrous/duro-operator/controllers/dashboardapp_controller.go:85.29,88.3 2 0
github.com/fredericrous/duro-operator/controllers/dashboardapp_controller.go:91.2,92.16 2 1
github.com/fredericrous/duro-operator/controllers/dashboardapp_controller.go:92.16,94.32 2 0
github.com/fredericrous/duro-operator/controllers/dashboardapp_controller.go:94.32,96.4 1 0
github.com/fredericrous/duro-operator/controllers/dashboardapp_controller.go:97.3,97.28 1 0
github.com/fredericrous/duro-operator/controllers/dashboardapp_controller.go:101.2,101.56 1 1
github.com/fredericrous/duro-operator/controllers/dashboardapp_controller.go:101.56,104.3 2 0
github.com/fredericrous/duro-operator/controllers/dashboardapp_controller.go:110.2,112.31 3 1
github.com/fredericrous/duro-operator/controllers/dashboardapp_controller.go:112.31,114.74 2 1
github.com/fredericrous/duro-operator/controllers/dashboardapp_controller.go:114.74,115.12 1 1
github.com/fredericrous/duro-operator/controllers/dashboardapp_controller.go:117.3,120.53 4 1
github.com/fredericrous/duro-operator/controllers/dashboardapp_controller.go:120.53,123.4 2 0
github.com/fredericrous/duro-operator/controllers/dashboardapp_controller.go:126.2,126.33 1 1
github.com/fredericrous/duro-operator/controllers/dashboardapp_controller.go:126.33,129.3 2 0
github.com/fredericrous/duro-operator/controllers/dashboardapp_controller.go:131.2,136.27 3 1
github.com/fredericrous/duro-operator/controllers/dashboardapp_controller.go:140.112,147.16 5 1
github.com/fredericrous/duro-operator/controllers/dashboardapp_controller.go:147.16,148.29 1 1
github.com/fredericrous/duro-operator/controllers/dashboardapp_controller.go:148.29,166.4 3 1
github.com/fredericrous/duro-operator/controllers/dashboardapp_controller.go:167.3,167.13 1 0
github.com/fredericrous/duro-operator/controllers/dashboardapp_controller.go:170.2,171.33 2 1
github.com/fredericrous/duro-operator/controllers/dashboardapp_controller.go:171.33,173.3 1 1
github.com/fredericrous/duro-operator/controllers/dashboardapp_controller.go:175.2,175.32 1 1
github.com/fredericrous/duro-operator/controllers/dashboardapp_controller.go:175.32,178.3 2 0
github.com/fredericrous/duro-operator/controllers/dashboardapp_controller.go:180.2,183.28 2 1
github.com/fredericrous/duro-operator/controllers/dashboardapp_controller.go:183.28,185.3 1 0
github.com/fredericrous/duro-operator/controllers/dashboardapp_controller.go:186.2,187.33 2 1
github.com/fredericrous/duro-operator/controllers/dashboardapp_controller.go:187.33,189.3 1 0
github.com/fredericrous/duro-operator/controllers/dashboardapp_controller.go:190.2,193.32 3 1
github.com/fredericrous/duro-operator/controllers/dashboardapp_controller.go:196.35,199.2 2 1
github.com/fredericrous/duro-operator/controllers/dashboardapp_controller.go:201.31,203.2 1 1
